  d3d_common.cpp
  graphicsplugin_d3d11.cpp
  graphicsplugin_factory.cpp
  logger.cpp
  pch.cpp
  platformplugin_factory.cpp
  platformplugin_win32.cpp
  IpEndpointName.cpp
  NetworkingUtils.cpp
  UdpSocket.cpp
  OscOutboundPacketStream.cpp
  OscPrintReceivedElements.cpp
  OscReceivedElements.cpp
  OscTypes.cpp
  main.cpp
C:\Users\A3\Desktop\OSC\EyeFaceTrackerSteamOSC\EyeFaceTrackerSteamOSC\EyeFaceTrackerSteamOSC\main.cpp(14,34): warning C4305: '初期化中': 'double' から 'float' へ切り詰めます。
C:\Users\A3\Desktop\OSC\EyeFaceTrackerSteamOSC\EyeFaceTrackerSteamOSC\EyeFaceTrackerSteamOSC\main.cpp(67,18): warning C4244: '=': 'double' から 'float' への変換です。データが失われる可能性があります。
  コードを生成中...
openxr_loader.lib(loader_core.obj) : error LNK2038: '_ITERATOR_DEBUG_LEVEL' の不一致が検出されました。値 '0' が 2 の値 'd3d_common.obj' と一致しません。
openxr_loader.lib(loader_core.obj) : error LNK2038: 'RuntimeLibrary' の不一致が検出されました。値 'MD_DynamicRelease' が MDd_DynamicDebug の値 'd3d_common.obj' と一致しません。
openxr_loader.lib(xr_generated_loader.obj) : error LNK2038: '_ITERATOR_DEBUG_LEVEL' の不一致が検出されました。値 '0' が 2 の値 'd3d_common.obj' と一致しません。
openxr_loader.lib(xr_generated_loader.obj) : error LNK2038: 'RuntimeLibrary' の不一致が検出されました。値 'MD_DynamicRelease' が MDd_DynamicDebug の値 'd3d_common.obj' と一致しません。
openxr_loader.lib(api_layer_interface.obj) : error LNK2038: '_ITERATOR_DEBUG_LEVEL' の不一致が検出されました。値 '0' が 2 の値 'd3d_common.obj' と一致しません。
openxr_loader.lib(api_layer_interface.obj) : error LNK2038: 'RuntimeLibrary' の不一致が検出されました。値 'MD_DynamicRelease' が MDd_DynamicDebug の値 'd3d_common.obj' と一致しません。
openxr_loader.lib(loader_instance.obj) : error LNK2038: '_ITERATOR_DEBUG_LEVEL' の不一致が検出されました。値 '0' が 2 の値 'd3d_common.obj' と一致しません。
openxr_loader.lib(loader_instance.obj) : error LNK2038: 'RuntimeLibrary' の不一致が検出されました。値 'MD_DynamicRelease' が MDd_DynamicDebug の値 'd3d_common.obj' と一致しません。
openxr_loader.lib(loader_logger.obj) : error LNK2038: '_ITERATOR_DEBUG_LEVEL' の不一致が検出されました。値 '0' が 2 の値 'd3d_common.obj' と一致しません。
openxr_loader.lib(loader_logger.obj) : error LNK2038: 'RuntimeLibrary' の不一致が検出されました。値 'MD_DynamicRelease' が MDd_DynamicDebug の値 'd3d_common.obj' と一致しません。
openxr_loader.lib(loader_logger_recorders.obj) : error LNK2038: '_ITERATOR_DEBUG_LEVEL' の不一致が検出されました。値 '0' が 2 の値 'd3d_common.obj' と一致しません。
openxr_loader.lib(loader_logger_recorders.obj) : error LNK2038: 'RuntimeLibrary' の不一致が検出されました。値 'MD_DynamicRelease' が MDd_DynamicDebug の値 'd3d_common.obj' と一致しません。
openxr_loader.lib(runtime_interface.obj) : error LNK2038: '_ITERATOR_DEBUG_LEVEL' の不一致が検出されました。値 '0' が 2 の値 'd3d_common.obj' と一致しません。
openxr_loader.lib(runtime_interface.obj) : error LNK2038: 'RuntimeLibrary' の不一致が検出されました。値 'MD_DynamicRelease' が MDd_DynamicDebug の値 'd3d_common.obj' と一致しません。
openxr_loader.lib(manifest_file.obj) : error LNK2038: '_ITERATOR_DEBUG_LEVEL' の不一致が検出されました。値 '0' が 2 の値 'd3d_common.obj' と一致しません。
openxr_loader.lib(manifest_file.obj) : error LNK2038: 'RuntimeLibrary' の不一致が検出されました。値 'MD_DynamicRelease' が MDd_DynamicDebug の値 'd3d_common.obj' と一致しません。
openxr_loader.lib(object_info.obj) : error LNK2038: '_ITERATOR_DEBUG_LEVEL' の不一致が検出されました。値 '0' が 2 の値 'd3d_common.obj' と一致しません。
openxr_loader.lib(object_info.obj) : error LNK2038: 'RuntimeLibrary' の不一致が検出されました。値 'MD_DynamicRelease' が MDd_DynamicDebug の値 'd3d_common.obj' と一致しません。
openxr_loader.lib(filesystem_utils.obj) : error LNK2038: '_ITERATOR_DEBUG_LEVEL' の不一致が検出されました。値 '0' が 2 の値 'd3d_common.obj' と一致しません。
openxr_loader.lib(filesystem_utils.obj) : error LNK2038: 'RuntimeLibrary' の不一致が検出されました。値 'MD_DynamicRelease' が MDd_DynamicDebug の値 'd3d_common.obj' と一致しません。
openxr_loader.lib(json_value.obj) : error LNK2038: '_ITERATOR_DEBUG_LEVEL' の不一致が検出されました。値 '0' が 2 の値 'd3d_common.obj' と一致しません。
openxr_loader.lib(json_value.obj) : error LNK2038: 'RuntimeLibrary' の不一致が検出されました。値 'MD_DynamicRelease' が MDd_DynamicDebug の値 'd3d_common.obj' と一致しません。
openxr_loader.lib(json_reader.obj) : error LNK2038: '_ITERATOR_DEBUG_LEVEL' の不一致が検出されました。値 '0' が 2 の値 'd3d_common.obj' と一致しません。
openxr_loader.lib(json_reader.obj) : error LNK2038: 'RuntimeLibrary' の不一致が検出されました。値 'MD_DynamicRelease' が MDd_DynamicDebug の値 'd3d_common.obj' と一致しません。
openxr_loader.lib(json_writer.obj) : error LNK2038: '_ITERATOR_DEBUG_LEVEL' の不一致が検出されました。値 '0' が 2 の値 'd3d_common.obj' と一致しません。
openxr_loader.lib(json_writer.obj) : error LNK2038: 'RuntimeLibrary' の不一致が検出されました。値 'MD_DynamicRelease' が MDd_DynamicDebug の値 'd3d_common.obj' と一致しません。
LINK : warning LNK4098: defaultlib 'MSVCRT' は他のライブラリの使用と競合しています。/NODEFAULTLIB:library を使用してください。
C:\Users\A3\Desktop\OSC\EyeFaceTrackerSteamOSC\EyeFaceTrackerSteamOSC\out\x64\Debug\EyeFaceTrackerSteamOSC.exe : fatal error LNK1319: 26 の不一致が検出されました
