c:\users\a3\desktop\osc\eyefacetrackersteamosc\eyefacetrackersteamosc\tmp\eyefacetrackersteamosc\x64\release\vc143.pdb
c:\users\a3\desktop\osc\eyefacetrackersteamosc\eyefacetrackersteamosc\tmp\eyefacetrackersteamosc\x64\release\main.obj
c:\users\a3\desktop\osc\eyefacetrackersteamosc\eyefacetrackersteamosc\tmp\eyefacetrackersteamosc\x64\release\osctypes.obj
c:\users\a3\desktop\osc\eyefacetrackersteamosc\eyefacetrackersteamosc\tmp\eyefacetrackersteamosc\x64\release\oscreceivedelements.obj
c:\users\a3\desktop\osc\eyefacetrackersteamosc\eyefacetrackersteamosc\tmp\eyefacetrackersteamosc\x64\release\oscprintreceivedelements.obj
c:\users\a3\desktop\osc\eyefacetrackersteamosc\eyefacetrackersteamosc\tmp\eyefacetrackersteamosc\x64\release\oscoutboundpacketstream.obj
c:\users\a3\desktop\osc\eyefacetrackersteamosc\eyefacetrackersteamosc\tmp\eyefacetrackersteamosc\x64\release\udpsocket.obj
c:\users\a3\desktop\osc\eyefacetrackersteamosc\eyefacetrackersteamosc\tmp\eyefacetrackersteamosc\x64\release\networkingutils.obj
c:\users\a3\desktop\osc\eyefacetrackersteamosc\eyefacetrackersteamosc\tmp\eyefacetrackersteamosc\x64\release\ipendpointname.obj
c:\users\a3\desktop\osc\eyefacetrackersteamosc\eyefacetrackersteamosc\out\x64\release\eyefacetrackersteamosc.exe
c:\users\a3\desktop\osc\eyefacetrackersteamosc\eyefacetrackersteamosc\tmp\eyefacetrackersteamosc\x64\release\eyefacetrackersteamosc.ipdb
c:\users\a3\desktop\osc\eyefacetrackersteamosc\eyefacetrackersteamosc\out\x64\release\eyefacetrackersteamosc.pdb
c:\users\a3\desktop\osc\eyefacetrackersteamosc\eyefacetrackersteamosc\tmp\eyefacetrackersteamosc\x64\release\eyefacetrackersteamosc.iobj
c:\users\a3\desktop\osc\eyefacetrackersteamosc\eyefacetrackersteamosc\tmp\eyefacetrackersteamosc\x64\release\eyefacetrackersteamosc.res
c:\users\a3\desktop\osc\eyefacetrackersteamosc\eyefacetrackersteamosc\tmp\eyefacetrackersteamosc\x64\release\d3d_common.obj
c:\users\a3\desktop\osc\eyefacetrackersteamosc\eyefacetrackersteamosc\tmp\eyefacetrackersteamosc\x64\release\graphicsplugin_d3d11.obj
c:\users\a3\desktop\osc\eyefacetrackersteamosc\eyefacetrackersteamosc\tmp\eyefacetrackersteamosc\x64\release\graphicsplugin_factory.obj
c:\users\a3\desktop\osc\eyefacetrackersteamosc\eyefacetrackersteamosc\tmp\eyefacetrackersteamosc\x64\release\logger.obj
c:\users\a3\desktop\osc\eyefacetrackersteamosc\eyefacetrackersteamosc\tmp\eyefacetrackersteamosc\x64\release\pch.obj
c:\users\a3\desktop\osc\eyefacetrackersteamosc\eyefacetrackersteamosc\tmp\eyefacetrackersteamosc\x64\release\platformplugin_factory.obj
c:\users\a3\desktop\osc\eyefacetrackersteamosc\eyefacetrackersteamosc\tmp\eyefacetrackersteamosc\x64\release\platformplugin_win32.obj
c:\users\a3\desktop\osc\eyefacetrackersteamosc\eyefacetrackersteamosc\tmp\eyefacetrackersteamosc\x64\release\eyefacetrackersteamosc.vcxproj.filelistabsolute.txt
c:\users\a3\desktop\osc\eyefacetrackersteamosc\eyefacetrackersteamosc\tmp\eyefacetrackersteamosc\x64\release\eyefacet.b888ff32.tlog\cl.command.1.tlog
c:\users\a3\desktop\osc\eyefacetrackersteamosc\eyefacetrackersteamosc\tmp\eyefacetrackersteamosc\x64\release\eyefacet.b888ff32.tlog\cl.read.1.tlog
c:\users\a3\desktop\osc\eyefacetrackersteamosc\eyefacetrackersteamosc\tmp\eyefacetrackersteamosc\x64\release\eyefacet.b888ff32.tlog\cl.write.1.tlog
c:\users\a3\desktop\osc\eyefacetrackersteamosc\eyefacetrackersteamosc\tmp\eyefacetrackersteamosc\x64\release\eyefacet.b888ff32.tlog\link.command.1.tlog
c:\users\a3\desktop\osc\eyefacetrackersteamosc\eyefacetrackersteamosc\tmp\eyefacetrackersteamosc\x64\release\eyefacet.b888ff32.tlog\link.read.1.tlog
c:\users\a3\desktop\osc\eyefacetrackersteamosc\eyefacetrackersteamosc\tmp\eyefacetrackersteamosc\x64\release\eyefacet.b888ff32.tlog\link.write.1.tlog
c:\users\a3\desktop\osc\eyefacetrackersteamosc\eyefacetrackersteamosc\tmp\eyefacetrackersteamosc\x64\release\eyefacet.b888ff32.tlog\rc.command.1.tlog
c:\users\a3\desktop\osc\eyefacetrackersteamosc\eyefacetrackersteamosc\tmp\eyefacetrackersteamosc\x64\release\eyefacet.b888ff32.tlog\rc.read.1.tlog
c:\users\a3\desktop\osc\eyefacetrackersteamosc\eyefacetrackersteamosc\tmp\eyefacetrackersteamosc\x64\release\eyefacet.b888ff32.tlog\rc.write.1.tlog
